{"/Users/markvasilev/Desktop/FB_Agent/packages/shared/src/constants/states.ts": {"path":"/Users/markvasilev/Desktop/FB_Agent/packages/shared/src/constants/states.ts","statementMap":{"0":{"start":{"line":16,"column":28},"end":{"line":22,"column":null}},"1":{"start":{"line":26,"column":62},"end":{"line":32,"column":null}},"2":{"start":{"line":40,"column":2},"end":{"line":40,"column":null}},"3":{"start":{"line":40,"column":12},"end":{"line":40,"column":null}},"4":{"start":{"line":41,"column":16},"end":{"line":41,"column":null}},"5":{"start":{"line":42,"column":2},"end":{"line":42,"column":null}},"6":{"start":{"line":42,"column":36},"end":{"line":42,"column":null}},"7":{"start":{"line":43,"column":2},"end":{"line":43,"column":null}},"8":{"start":{"line":44,"column":2},"end":{"line":44,"column":null}},"9":{"start":{"line":49,"column":28},"end":{"line":49,"column":null}},"10":{"start":{"line":52,"column":62},"end":{"line":55,"column":null}},"11":{"start":{"line":64,"column":29},"end":{"line":71,"column":null}},"12":{"start":{"line":75,"column":62},"end":{"line":82,"column":null}},"13":{"start":{"line":90,"column":2},"end":{"line":90,"column":null}},"14":{"start":{"line":90,"column":12},"end":{"line":90,"column":null}},"15":{"start":{"line":91,"column":16},"end":{"line":91,"column":null}},"16":{"start":{"line":93,"column":2},"end":{"line":93,"column":null}},"17":{"start":{"line":93,"column":37},"end":{"line":93,"column":null}},"18":{"start":{"line":94,"column":2},"end":{"line":94,"column":null}},"19":{"start":{"line":94,"column":37},"end":{"line":94,"column":null}},"20":{"start":{"line":95,"column":2},"end":{"line":95,"column":null}},"21":{"start":{"line":96,"column":2},"end":{"line":96,"column":null}},"22":{"start":{"line":101,"column":26},"end":{"line":107,"column":null}},"23":{"start":{"line":111,"column":56},"end":{"line":117,"column":null}},"24":{"start":{"line":121,"column":2},"end":{"line":121,"column":null}}},"fnMap":{"0":{"name":"normalizeAlertState","decl":{"start":{"line":39,"column":16},"end":{"line":39,"column":36}},"loc":{"start":{"line":39,"column":80},"end":{"line":45,"column":null}},"line":39},"1":{"name":"normalizeTaskStatus","decl":{"start":{"line":89,"column":16},"end":{"line":89,"column":36}},"loc":{"start":{"line":89,"column":80},"end":{"line":97,"column":null}},"line":89},"2":{"name":"taskTypeLabel","decl":{"start":{"line":120,"column":16},"end":{"line":120,"column":30}},"loc":{"start":{"line":120,"column":56},"end":{"line":122,"column":null}},"line":120}},"branchMap":{"0":{"loc":{"start":{"line":40,"column":2},"end":{"line":40,"column":null}},"type":"if","locations":[{"start":{"line":40,"column":2},"end":{"line":40,"column":null}},{"start":{},"end":{}}],"line":40},"1":{"loc":{"start":{"line":42,"column":2},"end":{"line":42,"column":null}},"type":"if","locations":[{"start":{"line":42,"column":2},"end":{"line":42,"column":null}},{"start":{},"end":{}}],"line":42},"2":{"loc":{"start":{"line":90,"column":2},"end":{"line":90,"column":null}},"type":"if","locations":[{"start":{"line":90,"column":2},"end":{"line":90,"column":null}},{"start":{},"end":{}}],"line":90},"3":{"loc":{"start":{"line":93,"column":2},"end":{"line":93,"column":null}},"type":"if","locations":[{"start":{"line":93,"column":2},"end":{"line":93,"column":null}},{"start":{},"end":{}}],"line":93},"4":{"loc":{"start":{"line":94,"column":2},"end":{"line":94,"column":null}},"type":"if","locations":[{"start":{"line":94,"column":2},"end":{"line":94,"column":null}},{"start":{},"end":{}}],"line":94},"5":{"loc":{"start":{"line":121,"column":9},"end":{"line":121,"column":null}},"type":"binary-expr","locations":[{"start":{"line":121,"column":9},"end":{"line":121,"column":39}},{"start":{"line":121,"column":39},"end":{"line":121,"column":null}}],"line":121}},"s":{"0":1,"1":1,"2":14,"3":3,"4":11,"5":11,"6":10,"7":1,"8":1,"9":1,"10":1,"11":1,"12":1,"13":11,"14":1,"15":10,"16":10,"17":2,"18":8,"19":8,"20":0,"21":0,"22":1,"23":1,"24":0},"f":{"0":14,"1":11,"2":0},"b":{"0":[3,11],"1":[10,1],"2":[1,10],"3":[2,8],"4":[8,0],"5":[0,0]},"meta":{"lastBranch":6,"lastFunction":3,"lastStatement":25,"seen":{"s:16:28:22:Infinity":0,"s:26:62:32:Infinity":1,"f:39:16:39:36":0,"b:40:2:40:Infinity:undefined:undefined:undefined:undefined":0,"s:40:2:40:Infinity":2,"s:40:12:40:Infinity":3,"s:41:16:41:Infinity":4,"b:42:2:42:Infinity:undefined:undefined:undefined:undefined":1,"s:42:2:42:Infinity":5,"s:42:36:42:Infinity":6,"s:43:2:43:Infinity":7,"s:44:2:44:Infinity":8,"s:49:28:49:Infinity":9,"s:52:62:55:Infinity":10,"s:64:29:71:Infinity":11,"s:75:62:82:Infinity":12,"f:89:16:89:36":1,"b:90:2:90:Infinity:undefined:undefined:undefined:undefined":2,"s:90:2:90:Infinity":13,"s:90:12:90:Infinity":14,"s:91:16:91:Infinity":15,"b:93:2:93:Infinity:undefined:undefined:undefined:undefined":3,"s:93:2:93:Infinity":16,"s:93:37:93:Infinity":17,"b:94:2:94:Infinity:undefined:undefined:undefined:undefined":4,"s:94:2:94:Infinity":18,"s:94:37:94:Infinity":19,"s:95:2:95:Infinity":20,"s:96:2:96:Infinity":21,"s:101:26:107:Infinity":22,"s:111:56:117:Infinity":23,"f:120:16:120:30":2,"s:121:2:121:Infinity":24,"b:121:9:121:39:121:39:121:Infinity":5}}}
,"/Users/markvasilev/Desktop/FB_Agent/packages/shared/src/domain/diff.ts": {"path":"/Users/markvasilev/Desktop/FB_Agent/packages/shared/src/domain/diff.ts","statementMap":{"0":{"start":{"line":54,"column":2},"end":{"line":54,"column":null}},"1":{"start":{"line":54,"column":21},"end":{"line":54,"column":null}},"2":{"start":{"line":55,"column":2},"end":{"line":55,"column":null}},"3":{"start":{"line":60,"column":2},"end":{"line":60,"column":null}},"4":{"start":{"line":60,"column":23},"end":{"line":60,"column":null}},"5":{"start":{"line":61,"column":2},"end":{"line":61,"column":null}},"6":{"start":{"line":80,"column":13},"end":{"line":80,"column":null}},"7":{"start":{"line":81,"column":14},"end":{"line":81,"column":null}},"8":{"start":{"line":83,"column":2},"end":{"line":232,"column":null}},"9":{"start":{"line":85,"column":17},"end":{"line":85,"column":null}},"10":{"start":{"line":86,"column":30},"end":{"line":86,"column":null}},"11":{"start":{"line":87,"column":25},"end":{"line":87,"column":null}},"12":{"start":{"line":89,"column":6},"end":{"line":118,"column":null}},"13":{"start":{"line":91,"column":27},"end":{"line":91,"column":null}},"14":{"start":{"line":92,"column":27},"end":{"line":92,"column":null}},"15":{"start":{"line":93,"column":30},"end":{"line":93,"column":null}},"16":{"start":{"line":94,"column":31},"end":{"line":94,"column":null}},"17":{"start":{"line":95,"column":8},"end":{"line":100,"column":null}},"18":{"start":{"line":101,"column":6},"end":{"line":118,"column":null}},"19":{"start":{"line":103,"column":27},"end":{"line":103,"column":null}},"20":{"start":{"line":104,"column":8},"end":{"line":109,"column":null}},"21":{"start":{"line":110,"column":6},"end":{"line":118,"column":null}},"22":{"start":{"line":111,"column":27},"end":{"line":111,"column":null}},"23":{"start":{"line":112,"column":8},"end":{"line":117,"column":null}},"24":{"start":{"line":120,"column":6},"end":{"line":120,"column":null}},"25":{"start":{"line":124,"column":17},"end":{"line":124,"column":null}},"26":{"start":{"line":125,"column":29},"end":{"line":125,"column":null}},"27":{"start":{"line":126,"column":6},"end":{"line":143,"column":null}},"28":{"start":{"line":147,"column":17},"end":{"line":147,"column":null}},"29":{"start":{"line":148,"column":29},"end":{"line":148,"column":null}},"30":{"start":{"line":149,"column":6},"end":{"line":166,"column":null}},"31":{"start":{"line":170,"column":17},"end":{"line":170,"column":null}},"32":{"start":{"line":171,"column":18},"end":{"line":171,"column":null}},"33":{"start":{"line":172,"column":21},"end":{"line":172,"column":null}},"34":{"start":{"line":173,"column":25},"end":{"line":173,"column":null}},"35":{"start":{"line":174,"column":6},"end":{"line":193,"column":null}},"36":{"start":{"line":198,"column":27},"end":{"line":198,"column":null}},"37":{"start":{"line":199,"column":29},"end":{"line":199,"column":null}},"38":{"start":{"line":200,"column":6},"end":{"line":207,"column":null}},"39":{"start":{"line":211,"column":27},"end":{"line":211,"column":null}},"40":{"start":{"line":212,"column":6},"end":{"line":219,"column":null}},"41":{"start":{"line":224,"column":6},"end":{"line":231,"column":null}}},"fnMap":{"0":{"name":"centsToDisplay","decl":{"start":{"line":53,"column":9},"end":{"line":53,"column":24}},"loc":{"start":{"line":53,"column":66},"end":{"line":56,"column":null}},"line":53},"1":{"name":"dollarsToDisplay","decl":{"start":{"line":59,"column":9},"end":{"line":59,"column":26}},"loc":{"start":{"line":59,"column":70},"end":{"line":62,"column":null}},"line":59},"2":{"name":"buildDraftDiff","decl":{"start":{"line":75,"column":16},"end":{"line":75,"column":null}},"loc":{"start":{"line":79,"column":13},"end":{"line":233,"column":null}},"line":79}},"branchMap":{"0":{"loc":{"start":{"line":54,"column":2},"end":{"line":54,"column":null}},"type":"if","locations":[{"start":{"line":54,"column":2},"end":{"line":54,"column":null}},{"start":{},"end":{}}],"line":54},"1":{"loc":{"start":{"line":60,"column":2},"end":{"line":60,"column":null}},"type":"if","locations":[{"start":{"line":60,"column":2},"end":{"line":60,"column":null}},{"start":{},"end":{}}],"line":60},"2":{"loc":{"start":{"line":80,"column":13},"end":{"line":80,"column":null}},"type":"binary-expr","locations":[{"start":{"line":80,"column":13},"end":{"line":80,"column":24}},{"start":{"line":80,"column":24},"end":{"line":80,"column":null}}],"line":80},"3":{"loc":{"start":{"line":81,"column":14},"end":{"line":81,"column":null}},"type":"binary-expr","locations":[{"start":{"line":81,"column":14},"end":{"line":81,"column":30}},{"start":{"line":81,"column":30},"end":{"line":81,"column":null}}],"line":81},"4":{"loc":{"start":{"line":83,"column":2},"end":{"line":232,"column":null}},"type":"switch","locations":[{"start":{"line":84,"column":4},"end":{"line":121,"column":null}},{"start":{"line":123,"column":4},"end":{"line":144,"column":null}},{"start":{"line":146,"column":4},"end":{"line":167,"column":null}},{"start":{"line":169,"column":4},"end":{"line":194,"column":null}},{"start":{"line":196,"column":4},"end":{"line":196,"column":null}},{"start":{"line":197,"column":4},"end":{"line":208,"column":null}},{"start":{"line":210,"column":4},"end":{"line":220,"column":null}},{"start":{"line":222,"column":4},"end":{"line":231,"column":null}}],"line":83},"5":{"loc":{"start":{"line":87,"column":25},"end":{"line":87,"column":null}},"type":"binary-expr","locations":[{"start":{"line":87,"column":25},"end":{"line":87,"column":43}},{"start":{"line":87,"column":43},"end":{"line":87,"column":null}}],"line":87},"6":{"loc":{"start":{"line":89,"column":6},"end":{"line":118,"column":null}},"type":"if","locations":[{"start":{"line":89,"column":6},"end":{"line":118,"column":null}},{"start":{"line":101,"column":6},"end":{"line":118,"column":null}}],"line":89},"7":{"loc":{"start":{"line":91,"column":27},"end":{"line":91,"column":null}},"type":"cond-expr","locations":[{"start":{"line":91,"column":52},"end":{"line":91,"column":75}},{"start":{"line":91,"column":75},"end":{"line":91,"column":null}}],"line":91},"8":{"loc":{"start":{"line":96,"column":17},"end":{"line":96,"column":null}},"type":"cond-expr","locations":[{"start":{"line":96,"column":42},"end":{"line":96,"column":62}},{"start":{"line":96,"column":62},"end":{"line":96,"column":null}}],"line":96},"9":{"loc":{"start":{"line":101,"column":6},"end":{"line":118,"column":null}},"type":"if","locations":[{"start":{"line":101,"column":6},"end":{"line":118,"column":null}},{"start":{"line":110,"column":6},"end":{"line":118,"column":null}}],"line":101},"10":{"loc":{"start":{"line":110,"column":6},"end":{"line":118,"column":null}},"type":"if","locations":[{"start":{"line":110,"column":6},"end":{"line":118,"column":null}},{"start":{},"end":{}}],"line":110},"11":{"loc":{"start":{"line":125,"column":29},"end":{"line":125,"column":null}},"type":"binary-expr","locations":[{"start":{"line":125,"column":29},"end":{"line":125,"column":68}},{"start":{"line":125,"column":68},"end":{"line":125,"column":null}}],"line":125},"12":{"loc":{"start":{"line":133,"column":12},"end":{"line":142,"column":null}},"type":"cond-expr","locations":[{"start":{"line":134,"column":12},"end":{"line":141,"column":null}},{"start":{"line":142,"column":12},"end":{"line":142,"column":null}}],"line":133},"13":{"loc":{"start":{"line":148,"column":29},"end":{"line":148,"column":null}},"type":"binary-expr","locations":[{"start":{"line":148,"column":29},"end":{"line":148,"column":68}},{"start":{"line":148,"column":68},"end":{"line":148,"column":null}}],"line":148},"14":{"loc":{"start":{"line":156,"column":12},"end":{"line":165,"column":null}},"type":"cond-expr","locations":[{"start":{"line":157,"column":12},"end":{"line":164,"column":null}},{"start":{"line":165,"column":12},"end":{"line":165,"column":null}}],"line":156},"15":{"loc":{"start":{"line":171,"column":18},"end":{"line":171,"column":null}},"type":"binary-expr","locations":[{"start":{"line":171,"column":18},"end":{"line":171,"column":35}},{"start":{"line":171,"column":35},"end":{"line":171,"column":null}}],"line":171},"16":{"loc":{"start":{"line":172,"column":21},"end":{"line":172,"column":null}},"type":"cond-expr","locations":[{"start":{"line":172,"column":48},"end":{"line":172,"column":59}},{"start":{"line":172,"column":59},"end":{"line":172,"column":null}}],"line":172},"17":{"loc":{"start":{"line":173,"column":25},"end":{"line":173,"column":null}},"type":"binary-expr","locations":[{"start":{"line":173,"column":25},"end":{"line":173,"column":43}},{"start":{"line":173,"column":43},"end":{"line":173,"column":null}}],"line":173},"18":{"loc":{"start":{"line":198,"column":27},"end":{"line":198,"column":null}},"type":"cond-expr","locations":[{"start":{"line":198,"column":66},"end":{"line":198,"column":77}},{"start":{"line":198,"column":77},"end":{"line":198,"column":null}}],"line":198},"19":{"loc":{"start":{"line":199,"column":29},"end":{"line":199,"column":null}},"type":"binary-expr","locations":[{"start":{"line":199,"column":29},"end":{"line":199,"column":69}},{"start":{"line":199,"column":69},"end":{"line":199,"column":null}}],"line":199},"20":{"loc":{"start":{"line":199,"column":69},"end":{"line":199,"column":null}},"type":"cond-expr","locations":[{"start":{"line":199,"column":108},"end":{"line":199,"column":119}},{"start":{"line":199,"column":119},"end":{"line":199,"column":null}}],"line":199},"21":{"loc":{"start":{"line":216,"column":18},"end":{"line":216,"column":null}},"type":"binary-expr","locations":[{"start":{"line":216,"column":18},"end":{"line":216,"column":34}},{"start":{"line":216,"column":34},"end":{"line":216,"column":null}}],"line":216}},"s":{"0":8,"1":1,"2":7,"3":4,"4":1,"5":3,"6":19,"7":19,"8":19,"9":6,"10":6,"11":6,"12":6,"13":4,"14":4,"15":4,"16":4,"17":4,"18":2,"19":1,"20":1,"21":1,"22":1,"23":1,"24":6,"25":4,"26":4,"27":4,"28":1,"29":1,"30":1,"31":3,"32":3,"33":3,"34":3,"35":3,"36":2,"37":2,"38":2,"39":2,"40":2,"41":1},"f":{"0":8,"1":4,"2":19},"b":{"0":[1,7],"1":[1,3],"2":[19,1],"3":[19,9],"4":[6,4,1,3,1,2,2,1],"5":[6,2],"6":[4,2],"7":[3,1],"8":[3,1],"9":[1,1],"10":[1,0],"11":[4,1],"12":[3,1],"13":[1,0],"14":[0,1],"15":[3,0],"16":[1,2],"17":[3,2],"18":[1,1],"19":[2,0],"20":[0,0],"21":[2,1]},"meta":{"lastBranch":22,"lastFunction":3,"lastStatement":42,"seen":{"f:53:9:53:24":0,"b:54:2:54:Infinity:undefined:undefined:undefined:undefined":0,"s:54:2:54:Infinity":0,"s:54:21:54:Infinity":1,"s:55:2:55:Infinity":2,"f:59:9:59:26":1,"b:60:2:60:Infinity:undefined:undefined:undefined:undefined":1,"s:60:2:60:Infinity":3,"s:60:23:60:Infinity":4,"s:61:2:61:Infinity":5,"f:75:16:75:Infinity":2,"s:80:13:80:Infinity":6,"b:80:13:80:24:80:24:80:Infinity":2,"s:81:14:81:Infinity":7,"b:81:14:81:30:81:30:81:Infinity":3,"b:84:4:121:Infinity:123:4:144:Infinity:146:4:167:Infinity:169:4:194:Infinity:196:4:196:Infinity:197:4:208:Infinity:210:4:220:Infinity:222:4:231:Infinity":4,"s:83:2:232:Infinity":8,"s:85:17:85:Infinity":9,"s:86:30:86:Infinity":10,"s:87:25:87:Infinity":11,"b:87:25:87:43:87:43:87:Infinity":5,"b:89:6:118:Infinity:101:6:118:Infinity":6,"s:89:6:118:Infinity":12,"s:91:27:91:Infinity":13,"b:91:52:91:75:91:75:91:Infinity":7,"s:92:27:92:Infinity":14,"s:93:30:93:Infinity":15,"s:94:31:94:Infinity":16,"s:95:8:100:Infinity":17,"b:96:42:96:62:96:62:96:Infinity":8,"b:101:6:118:Infinity:110:6:118:Infinity":9,"s:101:6:118:Infinity":18,"s:103:27:103:Infinity":19,"s:104:8:109:Infinity":20,"b:110:6:118:Infinity:undefined:undefined:undefined:undefined":10,"s:110:6:118:Infinity":21,"s:111:27:111:Infinity":22,"s:112:8:117:Infinity":23,"s:120:6:120:Infinity":24,"s:124:17:124:Infinity":25,"s:125:29:125:Infinity":26,"b:125:29:125:68:125:68:125:Infinity":11,"s:126:6:143:Infinity":27,"b:134:12:141:Infinity:142:12:142:Infinity":12,"s:147:17:147:Infinity":28,"s:148:29:148:Infinity":29,"b:148:29:148:68:148:68:148:Infinity":13,"s:149:6:166:Infinity":30,"b:157:12:164:Infinity:165:12:165:Infinity":14,"s:170:17:170:Infinity":31,"s:171:18:171:Infinity":32,"b:171:18:171:35:171:35:171:Infinity":15,"s:172:21:172:Infinity":33,"b:172:48:172:59:172:59:172:Infinity":16,"s:173:25:173:Infinity":34,"b:173:25:173:43:173:43:173:Infinity":17,"s:174:6:193:Infinity":35,"s:198:27:198:Infinity":36,"b:198:66:198:77:198:77:198:Infinity":18,"s:199:29:199:Infinity":37,"b:199:29:199:69:199:69:199:Infinity":19,"b:199:108:199:119:199:119:199:Infinity":20,"s:200:6:207:Infinity":38,"s:211:27:211:Infinity":39,"s:212:6:219:Infinity":40,"b:216:18:216:34:216:34:216:Infinity":21,"s:224:6:231:Infinity":41}}}
,"/Users/markvasilev/Desktop/FB_Agent/packages/shared/src/domain/expiry.ts": {"path":"/Users/markvasilev/Desktop/FB_Agent/packages/shared/src/domain/expiry.ts","statementMap":{"0":{"start":{"line":10,"column":28},"end":{"line":10,"column":null}},"1":{"start":{"line":18,"column":2},"end":{"line":18,"column":null}},"2":{"start":{"line":18,"column":21},"end":{"line":18,"column":null}},"3":{"start":{"line":19,"column":18},"end":{"line":19,"column":null}},"4":{"start":{"line":20,"column":2},"end":{"line":20,"column":null}},"5":{"start":{"line":35,"column":2},"end":{"line":35,"column":null}},"6":{"start":{"line":44,"column":2},"end":{"line":44,"column":null}}},"fnMap":{"0":{"name":"draftExpiresAt","decl":{"start":{"line":17,"column":16},"end":{"line":17,"column":31}},"loc":{"start":{"line":17,"column":78},"end":{"line":21,"column":null}},"line":17},"1":{"name":"isExpiringSoon","decl":{"start":{"line":30,"column":16},"end":{"line":30,"column":null}},"loc":{"start":{"line":34,"column":11},"end":{"line":36,"column":null}},"line":34},"2":{"name":"isDraftExpired","decl":{"start":{"line":43,"column":16},"end":{"line":43,"column":31}},"loc":{"start":{"line":43,"column":83},"end":{"line":45,"column":null}},"line":43}},"branchMap":{"0":{"loc":{"start":{"line":18,"column":2},"end":{"line":18,"column":null}},"type":"if","locations":[{"start":{"line":18,"column":2},"end":{"line":18,"column":null}},{"start":{},"end":{}}],"line":18},"1":{"loc":{"start":{"line":32,"column":2},"end":{"line":32,"column":null}},"type":"default-arg","locations":[{"start":{"line":32,"column":16},"end":{"line":32,"column":null}}],"line":32},"2":{"loc":{"start":{"line":33,"column":2},"end":{"line":33,"column":null}},"type":"default-arg","locations":[{"start":{"line":33,"column":24},"end":{"line":33,"column":null}}],"line":33},"3":{"loc":{"start":{"line":43,"column":48},"end":{"line":43,"column":83}},"type":"default-arg","locations":[{"start":{"line":43,"column":62},"end":{"line":43,"column":83}}],"line":43}},"s":{"0":1,"1":5,"2":1,"3":4,"4":4,"5":4,"6":5},"f":{"0":5,"1":4,"2":5},"b":{"0":[1,4],"1":[4],"2":[4],"3":[5]},"meta":{"lastBranch":4,"lastFunction":3,"lastStatement":7,"seen":{"s:10:28:10:Infinity":0,"f:17:16:17:31":0,"b:18:2:18:Infinity:undefined:undefined:undefined:undefined":0,"s:18:2:18:Infinity":1,"s:18:21:18:Infinity":2,"s:19:18:19:Infinity":3,"s:20:2:20:Infinity":4,"f:30:16:30:Infinity":1,"b:32:16:32:Infinity":1,"b:33:24:33:Infinity":2,"s:35:2:35:Infinity":5,"f:43:16:43:31":2,"b:43:62:43:83":3,"s:44:2:44:Infinity":6}}}
,"/Users/markvasilev/Desktop/FB_Agent/packages/shared/src/format/id.ts": {"path":"/Users/markvasilev/Desktop/FB_Agent/packages/shared/src/format/id.ts","statementMap":{"0":{"start":{"line":17,"column":2},"end":{"line":17,"column":null}},"1":{"start":{"line":17,"column":13},"end":{"line":17,"column":null}},"2":{"start":{"line":18,"column":2},"end":{"line":18,"column":null}},"3":{"start":{"line":18,"column":44},"end":{"line":18,"column":null}},"4":{"start":{"line":19,"column":2},"end":{"line":19,"column":null}}},"fnMap":{"0":{"name":"truncateAdId","decl":{"start":{"line":12,"column":16},"end":{"line":12,"column":null}},"loc":{"start":{"line":16,"column":10},"end":{"line":20,"column":null}},"line":16}},"branchMap":{"0":{"loc":{"start":{"line":14,"column":2},"end":{"line":14,"column":null}},"type":"default-arg","locations":[{"start":{"line":14,"column":12},"end":{"line":14,"column":null}}],"line":14},"1":{"loc":{"start":{"line":15,"column":2},"end":{"line":15,"column":null}},"type":"default-arg","locations":[{"start":{"line":15,"column":12},"end":{"line":15,"column":null}}],"line":15},"2":{"loc":{"start":{"line":17,"column":2},"end":{"line":17,"column":null}},"type":"if","locations":[{"start":{"line":17,"column":2},"end":{"line":17,"column":null}},{"start":{},"end":{}}],"line":17},"3":{"loc":{"start":{"line":18,"column":2},"end":{"line":18,"column":null}},"type":"if","locations":[{"start":{"line":18,"column":2},"end":{"line":18,"column":null}},{"start":{},"end":{}}],"line":18}},"s":{"0":7,"1":2,"2":5,"3":2,"4":3},"f":{"0":7},"b":{"0":[7],"1":[7],"2":[2,5],"3":[2,3]},"meta":{"lastBranch":4,"lastFunction":1,"lastStatement":5,"seen":{"f:12:16:12:Infinity":0,"b:14:12:14:Infinity":0,"b:15:12:15:Infinity":1,"b:17:2:17:Infinity:undefined:undefined:undefined:undefined":2,"s:17:2:17:Infinity":0,"s:17:13:17:Infinity":1,"b:18:2:18:Infinity:undefined:undefined:undefined:undefined":3,"s:18:2:18:Infinity":2,"s:18:44:18:Infinity":3,"s:19:2:19:Infinity":4}}}
,"/Users/markvasilev/Desktop/FB_Agent/packages/shared/src/format/number.ts": {"path":"/Users/markvasilev/Desktop/FB_Agent/packages/shared/src/format/number.ts","statementMap":{"0":{"start":{"line":8,"column":24},"end":{"line":13,"column":null}},"1":{"start":{"line":15,"column":26},"end":{"line":18,"column":null}},"2":{"start":{"line":20,"column":26},"end":{"line":24,"column":null}},"3":{"start":{"line":26,"column":22},"end":{"line":26,"column":null}},"4":{"start":{"line":33,"column":2},"end":{"line":33,"column":null}},"5":{"start":{"line":33,"column":37},"end":{"line":33,"column":null}},"6":{"start":{"line":34,"column":12},"end":{"line":34,"column":null}},"7":{"start":{"line":35,"column":2},"end":{"line":35,"column":null}},"8":{"start":{"line":35,"column":23},"end":{"line":35,"column":null}},"9":{"start":{"line":36,"column":2},"end":{"line":36,"column":null}},"10":{"start":{"line":41,"column":2},"end":{"line":41,"column":null}},"11":{"start":{"line":41,"column":21},"end":{"line":41,"column":null}},"12":{"start":{"line":42,"column":2},"end":{"line":42,"column":null}},"13":{"start":{"line":47,"column":2},"end":{"line":47,"column":null}},"14":{"start":{"line":47,"column":21},"end":{"line":47,"column":null}},"15":{"start":{"line":48,"column":2},"end":{"line":48,"column":null}},"16":{"start":{"line":56,"column":2},"end":{"line":56,"column":null}},"17":{"start":{"line":56,"column":21},"end":{"line":56,"column":null}},"18":{"start":{"line":57,"column":2},"end":{"line":57,"column":null}},"19":{"start":{"line":65,"column":2},"end":{"line":65,"column":null}},"20":{"start":{"line":65,"column":37},"end":{"line":65,"column":null}},"21":{"start":{"line":66,"column":12},"end":{"line":66,"column":null}},"22":{"start":{"line":67,"column":2},"end":{"line":67,"column":null}},"23":{"start":{"line":67,"column":23},"end":{"line":67,"column":null}},"24":{"start":{"line":68,"column":2},"end":{"line":68,"column":null}}},"fnMap":{"0":{"name":"formatSpend","decl":{"start":{"line":32,"column":16},"end":{"line":32,"column":28}},"loc":{"start":{"line":32,"column":79},"end":{"line":37,"column":null}},"line":32},"1":{"name":"formatCompact","decl":{"start":{"line":40,"column":16},"end":{"line":40,"column":30}},"loc":{"start":{"line":40,"column":72},"end":{"line":43,"column":null}},"line":40},"2":{"name":"formatInt","decl":{"start":{"line":46,"column":16},"end":{"line":46,"column":26}},"loc":{"start":{"line":46,"column":68},"end":{"line":49,"column":null}},"line":46},"3":{"name":"formatPercent","decl":{"start":{"line":55,"column":16},"end":{"line":55,"column":30}},"loc":{"start":{"line":55,"column":72},"end":{"line":58,"column":null}},"line":55},"4":{"name":"formatPercentValue","decl":{"start":{"line":64,"column":16},"end":{"line":64,"column":35}},"loc":{"start":{"line":64,"column":86},"end":{"line":69,"column":null}},"line":64}},"branchMap":{"0":{"loc":{"start":{"line":33,"column":2},"end":{"line":33,"column":null}},"type":"if","locations":[{"start":{"line":33,"column":2},"end":{"line":33,"column":null}},{"start":{},"end":{}}],"line":33},"1":{"loc":{"start":{"line":33,"column":6},"end":{"line":33,"column":37}},"type":"binary-expr","locations":[{"start":{"line":33,"column":6},"end":{"line":33,"column":23}},{"start":{"line":33,"column":23},"end":{"line":33,"column":37}}],"line":33},"2":{"loc":{"start":{"line":34,"column":12},"end":{"line":34,"column":null}},"type":"cond-expr","locations":[{"start":{"line":34,"column":40},"end":{"line":34,"column":67}},{"start":{"line":34,"column":67},"end":{"line":34,"column":null}}],"line":34},"3":{"loc":{"start":{"line":35,"column":2},"end":{"line":35,"column":null}},"type":"if","locations":[{"start":{"line":35,"column":2},"end":{"line":35,"column":null}},{"start":{},"end":{}}],"line":35},"4":{"loc":{"start":{"line":41,"column":2},"end":{"line":41,"column":null}},"type":"if","locations":[{"start":{"line":41,"column":2},"end":{"line":41,"column":null}},{"start":{},"end":{}}],"line":41},"5":{"loc":{"start":{"line":47,"column":2},"end":{"line":47,"column":null}},"type":"if","locations":[{"start":{"line":47,"column":2},"end":{"line":47,"column":null}},{"start":{},"end":{}}],"line":47},"6":{"loc":{"start":{"line":56,"column":2},"end":{"line":56,"column":null}},"type":"if","locations":[{"start":{"line":56,"column":2},"end":{"line":56,"column":null}},{"start":{},"end":{}}],"line":56},"7":{"loc":{"start":{"line":65,"column":2},"end":{"line":65,"column":null}},"type":"if","locations":[{"start":{"line":65,"column":2},"end":{"line":65,"column":null}},{"start":{},"end":{}}],"line":65},"8":{"loc":{"start":{"line":65,"column":6},"end":{"line":65,"column":37}},"type":"binary-expr","locations":[{"start":{"line":65,"column":6},"end":{"line":65,"column":23}},{"start":{"line":65,"column":23},"end":{"line":65,"column":37}}],"line":65},"9":{"loc":{"start":{"line":66,"column":12},"end":{"line":66,"column":null}},"type":"cond-expr","locations":[{"start":{"line":66,"column":40},"end":{"line":66,"column":67}},{"start":{"line":66,"column":67},"end":{"line":66,"column":null}}],"line":66},"10":{"loc":{"start":{"line":67,"column":2},"end":{"line":67,"column":null}},"type":"if","locations":[{"start":{"line":67,"column":2},"end":{"line":67,"column":null}},{"start":{},"end":{}}],"line":67}},"s":{"0":1,"1":1,"2":1,"3":1,"4":8,"5":3,"6":5,"7":8,"8":1,"9":4,"10":4,"11":1,"12":3,"13":4,"14":1,"15":3,"16":4,"17":1,"18":3,"19":4,"20":2,"21":2,"22":4,"23":0,"24":2},"f":{"0":8,"1":4,"2":4,"3":4,"4":4},"b":{"0":[3,5],"1":[8,6],"2":[2,3],"3":[1,7],"4":[1,3],"5":[1,3],"6":[1,3],"7":[2,2],"8":[4,3],"9":[1,1],"10":[0,4]},"meta":{"lastBranch":11,"lastFunction":5,"lastStatement":25,"seen":{"s:8:24:13:Infinity":0,"s:15:26:18:Infinity":1,"s:20:26:24:Infinity":2,"s:26:22:26:Infinity":3,"f:32:16:32:28":0,"b:33:2:33:Infinity:undefined:undefined:undefined:undefined":0,"s:33:2:33:Infinity":4,"b:33:6:33:23:33:23:33:37":1,"s:33:37:33:Infinity":5,"s:34:12:34:Infinity":6,"b:34:40:34:67:34:67:34:Infinity":2,"b:35:2:35:Infinity:undefined:undefined:undefined:undefined":3,"s:35:2:35:Infinity":7,"s:35:23:35:Infinity":8,"s:36:2:36:Infinity":9,"f:40:16:40:30":1,"b:41:2:41:Infinity:undefined:undefined:undefined:undefined":4,"s:41:2:41:Infinity":10,"s:41:21:41:Infinity":11,"s:42:2:42:Infinity":12,"f:46:16:46:26":2,"b:47:2:47:Infinity:undefined:undefined:undefined:undefined":5,"s:47:2:47:Infinity":13,"s:47:21:47:Infinity":14,"s:48:2:48:Infinity":15,"f:55:16:55:30":3,"b:56:2:56:Infinity:undefined:undefined:undefined:undefined":6,"s:56:2:56:Infinity":16,"s:56:21:56:Infinity":17,"s:57:2:57:Infinity":18,"f:64:16:64:35":4,"b:65:2:65:Infinity:undefined:undefined:undefined:undefined":7,"s:65:2:65:Infinity":19,"b:65:6:65:23:65:23:65:37":8,"s:65:37:65:Infinity":20,"s:66:12:66:Infinity":21,"b:66:40:66:67:66:67:66:Infinity":9,"b:67:2:67:Infinity:undefined:undefined:undefined:undefined":10,"s:67:2:67:Infinity":22,"s:67:23:67:Infinity":23,"s:68:2:68:Infinity":24}}}
,"/Users/markvasilev/Desktop/FB_Agent/packages/shared/src/format/time.ts": {"path":"/Users/markvasilev/Desktop/FB_Agent/packages/shared/src/format/time.ts","statementMap":{"0":{"start":{"line":14,"column":2},"end":{"line":14,"column":null}},"1":{"start":{"line":14,"column":12},"end":{"line":14,"column":null}},"2":{"start":{"line":15,"column":15},"end":{"line":15,"column":null}},"3":{"start":{"line":16,"column":2},"end":{"line":16,"column":null}},"4":{"start":{"line":16,"column":36},"end":{"line":16,"column":null}},"5":{"start":{"line":17,"column":14},"end":{"line":17,"column":null}},"6":{"start":{"line":18,"column":2},"end":{"line":18,"column":null}},"7":{"start":{"line":18,"column":16},"end":{"line":18,"column":null}},"8":{"start":{"line":19,"column":2},"end":{"line":19,"column":null}},"9":{"start":{"line":19,"column":18},"end":{"line":19,"column":null}},"10":{"start":{"line":20,"column":2},"end":{"line":20,"column":null}},"11":{"start":{"line":20,"column":19},"end":{"line":20,"column":null}},"12":{"start":{"line":21,"column":2},"end":{"line":21,"column":null}},"13":{"start":{"line":21,"column":21},"end":{"line":21,"column":null}},"14":{"start":{"line":22,"column":2},"end":{"line":22,"column":null}},"15":{"start":{"line":30,"column":2},"end":{"line":30,"column":null}},"16":{"start":{"line":30,"column":12},"end":{"line":30,"column":null}},"17":{"start":{"line":31,"column":15},"end":{"line":31,"column":null}},"18":{"start":{"line":32,"column":2},"end":{"line":32,"column":null}},"19":{"start":{"line":32,"column":36},"end":{"line":32,"column":null}},"20":{"start":{"line":33,"column":2},"end":{"line":33,"column":null}},"21":{"start":{"line":41,"column":2},"end":{"line":41,"column":null}},"22":{"start":{"line":41,"column":12},"end":{"line":41,"column":null}},"23":{"start":{"line":42,"column":15},"end":{"line":42,"column":null}},"24":{"start":{"line":43,"column":2},"end":{"line":43,"column":null}},"25":{"start":{"line":43,"column":36},"end":{"line":43,"column":null}},"26":{"start":{"line":44,"column":2},"end":{"line":44,"column":null}},"27":{"start":{"line":53,"column":2},"end":{"line":53,"column":null}},"28":{"start":{"line":53,"column":38},"end":{"line":53,"column":null}},"29":{"start":{"line":54,"column":2},"end":{"line":54,"column":null}},"30":{"start":{"line":54,"column":20},"end":{"line":54,"column":null}},"31":{"start":{"line":55,"column":2},"end":{"line":55,"column":null}},"32":{"start":{"line":55,"column":22},"end":{"line":55,"column":null}},"33":{"start":{"line":56,"column":2},"end":{"line":60,"column":null}},"34":{"start":{"line":57,"column":14},"end":{"line":57,"column":null}},"35":{"start":{"line":58,"column":14},"end":{"line":58,"column":null}},"36":{"start":{"line":59,"column":4},"end":{"line":59,"column":null}},"37":{"start":{"line":61,"column":2},"end":{"line":61,"column":null}}},"fnMap":{"0":{"name":"formatRelativeTime","decl":{"start":{"line":13,"column":16},"end":{"line":13,"column":35}},"loc":{"start":{"line":13,"column":82},"end":{"line":23,"column":null}},"line":13},"1":{"name":"formatTimeOfDay","decl":{"start":{"line":29,"column":16},"end":{"line":29,"column":32}},"loc":{"start":{"line":29,"column":79},"end":{"line":34,"column":null}},"line":29},"2":{"name":"formatDateTime","decl":{"start":{"line":40,"column":16},"end":{"line":40,"column":31}},"loc":{"start":{"line":40,"column":78},"end":{"line":45,"column":null}},"line":40},"3":{"name":"formatDuration","decl":{"start":{"line":52,"column":16},"end":{"line":52,"column":31}},"loc":{"start":{"line":52,"column":75},"end":{"line":62,"column":null}},"line":52}},"branchMap":{"0":{"loc":{"start":{"line":14,"column":2},"end":{"line":14,"column":null}},"type":"if","locations":[{"start":{"line":14,"column":2},"end":{"line":14,"column":null}},{"start":{},"end":{}}],"line":14},"1":{"loc":{"start":{"line":15,"column":15},"end":{"line":15,"column":null}},"type":"cond-expr","locations":[{"start":{"line":15,"column":41},"end":{"line":15,"column":57}},{"start":{"line":15,"column":57},"end":{"line":15,"column":null}}],"line":15},"2":{"loc":{"start":{"line":16,"column":2},"end":{"line":16,"column":null}},"type":"if","locations":[{"start":{"line":16,"column":2},"end":{"line":16,"column":null}},{"start":{},"end":{}}],"line":16},"3":{"loc":{"start":{"line":18,"column":2},"end":{"line":18,"column":null}},"type":"if","locations":[{"start":{"line":18,"column":2},"end":{"line":18,"column":null}},{"start":{},"end":{}}],"line":18},"4":{"loc":{"start":{"line":19,"column":2},"end":{"line":19,"column":null}},"type":"if","locations":[{"start":{"line":19,"column":2},"end":{"line":19,"column":null}},{"start":{},"end":{}}],"line":19},"5":{"loc":{"start":{"line":20,"column":2},"end":{"line":20,"column":null}},"type":"if","locations":[{"start":{"line":20,"column":2},"end":{"line":20,"column":null}},{"start":{},"end":{}}],"line":20},"6":{"loc":{"start":{"line":21,"column":2},"end":{"line":21,"column":null}},"type":"if","locations":[{"start":{"line":21,"column":2},"end":{"line":21,"column":null}},{"start":{},"end":{}}],"line":21},"7":{"loc":{"start":{"line":30,"column":2},"end":{"line":30,"column":null}},"type":"if","locations":[{"start":{"line":30,"column":2},"end":{"line":30,"column":null}},{"start":{},"end":{}}],"line":30},"8":{"loc":{"start":{"line":31,"column":15},"end":{"line":31,"column":null}},"type":"cond-expr","locations":[{"start":{"line":31,"column":41},"end":{"line":31,"column":57}},{"start":{"line":31,"column":57},"end":{"line":31,"column":null}}],"line":31},"9":{"loc":{"start":{"line":32,"column":2},"end":{"line":32,"column":null}},"type":"if","locations":[{"start":{"line":32,"column":2},"end":{"line":32,"column":null}},{"start":{},"end":{}}],"line":32},"10":{"loc":{"start":{"line":41,"column":2},"end":{"line":41,"column":null}},"type":"if","locations":[{"start":{"line":41,"column":2},"end":{"line":41,"column":null}},{"start":{},"end":{}}],"line":41},"11":{"loc":{"start":{"line":42,"column":15},"end":{"line":42,"column":null}},"type":"cond-expr","locations":[{"start":{"line":42,"column":41},"end":{"line":42,"column":57}},{"start":{"line":42,"column":57},"end":{"line":42,"column":null}}],"line":42},"12":{"loc":{"start":{"line":43,"column":2},"end":{"line":43,"column":null}},"type":"if","locations":[{"start":{"line":43,"column":2},"end":{"line":43,"column":null}},{"start":{},"end":{}}],"line":43},"13":{"loc":{"start":{"line":53,"column":2},"end":{"line":53,"column":null}},"type":"if","locations":[{"start":{"line":53,"column":2},"end":{"line":53,"column":null}},{"start":{},"end":{}}],"line":53},"14":{"loc":{"start":{"line":53,"column":6},"end":{"line":53,"column":38}},"type":"binary-expr","locations":[{"start":{"line":53,"column":6},"end":{"line":53,"column":25}},{"start":{"line":53,"column":25},"end":{"line":53,"column":38}}],"line":53},"15":{"loc":{"start":{"line":54,"column":2},"end":{"line":54,"column":null}},"type":"if","locations":[{"start":{"line":54,"column":2},"end":{"line":54,"column":null}},{"start":{},"end":{}}],"line":54},"16":{"loc":{"start":{"line":55,"column":2},"end":{"line":55,"column":null}},"type":"if","locations":[{"start":{"line":55,"column":2},"end":{"line":55,"column":null}},{"start":{},"end":{}}],"line":55},"17":{"loc":{"start":{"line":56,"column":2},"end":{"line":60,"column":null}},"type":"if","locations":[{"start":{"line":56,"column":2},"end":{"line":60,"column":null}},{"start":{},"end":{}}],"line":56},"18":{"loc":{"start":{"line":59,"column":11},"end":{"line":59,"column":null}},"type":"cond-expr","locations":[{"start":{"line":59,"column":19},"end":{"line":59,"column":35}},{"start":{"line":59,"column":35},"end":{"line":59,"column":null}}],"line":59}},"s":{"0":6,"1":1,"2":5,"3":6,"4":1,"5":4,"6":4,"7":1,"8":3,"9":3,"10":2,"11":2,"12":1,"13":1,"14":0,"15":3,"16":1,"17":2,"18":3,"19":0,"20":2,"21":6,"22":2,"23":4,"24":6,"25":1,"26":3,"27":8,"28":2,"29":6,"30":6,"31":4,"32":4,"33":3,"34":2,"35":2,"36":2,"37":1},"f":{"0":6,"1":3,"2":6,"3":8},"b":{"0":[1,5],"1":[5,0],"2":[1,5],"3":[1,3],"4":[1,2],"5":[1,1],"6":[1,0],"7":[1,2],"8":[2,0],"9":[0,3],"10":[2,4],"11":[3,1],"12":[1,5],"13":[2,6],"14":[8,7],"15":[2,4],"16":[1,3],"17":[2,1],"18":[1,1]},"meta":{"lastBranch":19,"lastFunction":4,"lastStatement":38,"seen":{"f:13:16:13:35":0,"b:14:2:14:Infinity:undefined:undefined:undefined:undefined":0,"s:14:2:14:Infinity":0,"s:14:12:14:Infinity":1,"s:15:15:15:Infinity":2,"b:15:41:15:57:15:57:15:Infinity":1,"b:16:2:16:Infinity:undefined:undefined:undefined:undefined":2,"s:16:2:16:Infinity":3,"s:16:36:16:Infinity":4,"s:17:14:17:Infinity":5,"b:18:2:18:Infinity:undefined:undefined:undefined:undefined":3,"s:18:2:18:Infinity":6,"s:18:16:18:Infinity":7,"b:19:2:19:Infinity:undefined:undefined:undefined:undefined":4,"s:19:2:19:Infinity":8,"s:19:18:19:Infinity":9,"b:20:2:20:Infinity:undefined:undefined:undefined:undefined":5,"s:20:2:20:Infinity":10,"s:20:19:20:Infinity":11,"b:21:2:21:Infinity:undefined:undefined:undefined:undefined":6,"s:21:2:21:Infinity":12,"s:21:21:21:Infinity":13,"s:22:2:22:Infinity":14,"f:29:16:29:32":1,"b:30:2:30:Infinity:undefined:undefined:undefined:undefined":7,"s:30:2:30:Infinity":15,"s:30:12:30:Infinity":16,"s:31:15:31:Infinity":17,"b:31:41:31:57:31:57:31:Infinity":8,"b:32:2:32:Infinity:undefined:undefined:undefined:undefined":9,"s:32:2:32:Infinity":18,"s:32:36:32:Infinity":19,"s:33:2:33:Infinity":20,"f:40:16:40:31":2,"b:41:2:41:Infinity:undefined:undefined:undefined:undefined":10,"s:41:2:41:Infinity":21,"s:41:12:41:Infinity":22,"s:42:15:42:Infinity":23,"b:42:41:42:57:42:57:42:Infinity":11,"b:43:2:43:Infinity:undefined:undefined:undefined:undefined":12,"s:43:2:43:Infinity":24,"s:43:36:43:Infinity":25,"s:44:2:44:Infinity":26,"f:52:16:52:31":3,"b:53:2:53:Infinity:undefined:undefined:undefined:undefined":13,"s:53:2:53:Infinity":27,"b:53:6:53:25:53:25:53:38":14,"s:53:38:53:Infinity":28,"b:54:2:54:Infinity:undefined:undefined:undefined:undefined":15,"s:54:2:54:Infinity":29,"s:54:20:54:Infinity":30,"b:55:2:55:Infinity:undefined:undefined:undefined:undefined":16,"s:55:2:55:Infinity":31,"s:55:22:55:Infinity":32,"b:56:2:60:Infinity:undefined:undefined:undefined:undefined":17,"s:56:2:60:Infinity":33,"s:57:14:57:Infinity":34,"s:58:14:58:Infinity":35,"s:59:4:59:Infinity":36,"b:59:19:59:35:59:35:59:Infinity":18,"s:61:2:61:Infinity":37}}}
,"/Users/markvasilev/Desktop/FB_Agent/packages/shared/src/tokens/tokens.ts": {"path":"/Users/markvasilev/Desktop/FB_Agent/packages/shared/src/tokens/tokens.ts","statementMap":{"0":{"start":{"line":11,"column":22},"end":{"line":40,"column":null}},"1":{"start":{"line":43,"column":25},"end":{"line":49,"column":null}},"2":{"start":{"line":51,"column":21},"end":{"line":55,"column":null}},"3":{"start":{"line":58,"column":25},"end":{"line":67,"column":null}},"4":{"start":{"line":70,"column":21},"end":{"line":81,"column":null}},"5":{"start":{"line":84,"column":22},"end":{"line":90,"column":null}},"6":{"start":{"line":92,"column":22},"end":{"line":99,"column":null}},"7":{"start":{"line":102,"column":22},"end":{"line":108,"column":null}},"8":{"start":{"line":110,"column":22},"end":{"line":117,"column":null}},"9":{"start":{"line":119,"column":22},"end":{"line":129,"column":null}}},"fnMap":{},"branchMap":{},"s":{"0":1,"1":1,"2":1,"3":1,"4":1,"5":1,"6":1,"7":1,"8":1,"9":1},"f":{},"b":{},"meta":{"lastBranch":0,"lastFunction":0,"lastStatement":10,"seen":{"s:11:22:40:Infinity":0,"s:43:25:49:Infinity":1,"s:51:21:55:Infinity":2,"s:58:25:67:Infinity":3,"s:70:21:81:Infinity":4,"s:84:22:90:Infinity":5,"s:92:22:99:Infinity":6,"s:102:22:108:Infinity":7,"s:110:22:117:Infinity":8,"s:119:22:129:Infinity":9}}}
}
